Release 14.7 - xst P.20131013 (nt64)
Copyright (c) 1995-2013 Xilinx, Inc.  All rights reserved.
--> Parameter TMPDIR set to xst/projnav.tmp


Total REAL time to Xst completion: 0.00 secs
Total CPU time to Xst completion: 0.15 secs
 
--> Parameter xsthdpdir set to xst


Total REAL time to Xst completion: 0.00 secs
Total CPU time to Xst completion: 0.16 secs
 
--> Reading design: ShiftReg.prj

TABLE OF CONTENTS
  1) Synthesis Options Summary
  2) HDL Compilation
  3) Design Hierarchy Analysis
  4) HDL Analysis
  5) HDL Synthesis
     5.1) HDL Synthesis Report
  6) Advanced HDL Synthesis
     6.1) Advanced HDL Synthesis Report
  7) Low Level Synthesis
  8) Partition Report
  9) Final Report
	9.1) Device utilization summary
	9.2) Partition Resource Summary
	9.3) TIMING REPORT


=========================================================================
*                      Synthesis Options Summary                        *
=========================================================================
---- Source Parameters
Input File Name                    : "ShiftReg.prj"
Input Format                       : mixed
Ignore Synthesis Constraint File   : NO

---- Target Parameters
Output File Name                   : "ShiftReg"
Output Format                      : NGC
Target Device                      : xc3s50-4-pq208

---- Source Options
Top Module Name                    : ShiftReg
Automatic FSM Extraction           : YES
FSM Encoding Algorithm             : Auto
Safe Implementation                : No
FSM Style                          : LUT
RAM Extraction                     : Yes
RAM Style                          : Auto
ROM Extraction                     : Yes
Mux Style                          : Auto
Decoder Extraction                 : YES
Priority Encoder Extraction        : Yes
Shift Register Extraction          : YES
Logical Shifter Extraction         : YES
XOR Collapsing                     : YES
ROM Style                          : Auto
Mux Extraction                     : Yes
Resource Sharing                   : YES
Asynchronous To Synchronous        : NO
Multiplier Style                   : Auto
Automatic Register Balancing       : No

---- Target Options
Add IO Buffers                     : YES
Global Maximum Fanout              : 500
Add Generic Clock Buffer(BUFG)     : 8
Register Duplication               : YES
Slice Packing                      : YES
Optimize Instantiated Primitives   : NO
Use Clock Enable                   : Yes
Use Synchronous Set                : Yes
Use Synchronous Reset              : Yes
Pack IO Registers into IOBs        : Auto
Equivalent register Removal        : YES

---- General Options
Optimization Goal                  : Speed
Optimization Effort                : 1
Keep Hierarchy                     : No
Netlist Hierarchy                  : As_Optimized
RTL Output                         : Yes
Global Optimization                : AllClockNets
Read Cores                         : YES
Write Timing Constraints           : NO
Cross Clock Analysis               : NO
Hierarchy Separator                : /
Bus Delimiter                      : <>
Case Specifier                     : Maintain
Slice Utilization Ratio            : 100
BRAM Utilization Ratio             : 100
Verilog 2001                       : YES
Auto BRAM Packing                  : NO
Slice Utilization Ratio Delta      : 5

=========================================================================


=========================================================================
*                          HDL Compilation                              *
=========================================================================
Compiling verilog file "ShiftReg.v" in library work
Module <ShiftReg> compiled
No errors in compilation
Analysis of file <"ShiftReg.prj"> succeeded.
 

=========================================================================
*                     Design Hierarchy Analysis                         *
=========================================================================
Analyzing hierarchy for module <ShiftReg> in library <work>.


=========================================================================
*                            HDL Analysis                               *
=========================================================================
Analyzing top module <ShiftReg>.
Module <ShiftReg> is correct for synthesis.
 

=========================================================================
*                           HDL Synthesis                               *
=========================================================================

Performing bidirectional port resolution...

Synthesizing Unit <ShiftReg>.
    Related source file is "ShiftReg.v".
    Found 1-bit tristate buffer for signal <SDA>.
    Found 8-bit register for signal <ShiftRegOut>.
    Found 1-bit register for signal <hold>.
    Summary:
	inferred   9 D-type flip-flop(s).
	inferred   2 Tristate(s).
Unit <ShiftReg> synthesized.


=========================================================================
HDL Synthesis Report

Macro Statistics
# Registers                                            : 9
 1-bit register                                        : 9
# Tristates                                            : 2
 1-bit tristate buffer                                 : 2

=========================================================================

=========================================================================
*                       Advanced HDL Synthesis                          *
=========================================================================


=========================================================================
Advanced HDL Synthesis Report

Macro Statistics
# Registers                                            : 9
 Flip-Flops                                            : 9

=========================================================================

=========================================================================
*                         Low Level Synthesis                           *
=========================================================================
WARNING:Xst:2039 - Unit ShiftReg: 1 multi-source signal is replaced by logic (pull-up yes): SDA_MLTSRCEDGE.

Optimizing unit <ShiftReg> ...

Mapping all equations...
Building and optimizing final netlist ...
Found area constraint ratio of 100 (+ 5) on block ShiftReg, actual ratio is 2.

Final Macro Processing ...

=========================================================================
Final Register Report

Macro Statistics
# Registers                                            : 9
 Flip-Flops                                            : 9

=========================================================================

=========================================================================
*                           Partition Report                            *
=========================================================================

Partition Implementation Status
-------------------------------

  No Partitions were found in this design.

-------------------------------

=========================================================================
*                            Final Report                               *
=========================================================================
Final Results
RTL Top Level Output File Name     : ShiftReg.ngr
Top Level Output File Name         : ShiftReg
Output Format                      : NGC
Optimization Goal                  : Speed
Keep Hierarchy                     : No

Design Statistics
# IOs                              : 24

Cell Usage :
# BELS                             : 35
#      LUT2                        : 10
#      LUT4                        : 17
#      MUXF5                       : 8
# FlipFlops/Latches                : 9
#      FDE_1                       : 2
#      FDS_1                       : 7
# Clock Buffers                    : 1
#      BUFGP                       : 1
# IO Buffers                       : 23
#      IBUF                        : 14
#      IOBUF                       : 1
#      OBUF                        : 8
=========================================================================

Device utilization summary:
---------------------------

Selected Device : 3s50pq208-4 

 Number of Slices:                       15  out of    768     1%  
 Number of Slice Flip Flops:              9  out of   1536     0%  
 Number of 4 input LUTs:                 27  out of   1536     1%  
 Number of IOs:                          24
 Number of bonded IOBs:                  24  out of    124    19%  
 Number of GCLKs:                         1  out of      8    12%  

---------------------------
Partition Resource Summary:
---------------------------

  No Partitions were found in this design.

---------------------------


=========================================================================
TIMING REPORT

NOTE: THESE TIMING NUMBERS ARE ONLY A SYNTHESIS ESTIMATE.
      FOR ACCURATE TIMING INFORMATION PLEASE REFER TO THE TRACE REPORT
      GENERATED AFTER PLACE-and-ROUTE.

Clock Information:
------------------
-----------------------------------+------------------------+-------+
Clock Signal                       | Clock buffer(FF name)  | Load  |
-----------------------------------+------------------------+-------+
SCL                                | BUFGP                  | 9     |
-----------------------------------+------------------------+-------+

Asynchronous Control Signals Information:
----------------------------------------
No asynchronous control signals found in this design

Timing Summary:
---------------
Speed Grade: -4

   Minimum period: 3.080ns (Maximum Frequency: 324.675MHz)
   Minimum input arrival time before clock: 6.148ns
   Maximum output required time after clock: 8.543ns
   Maximum combinational path delay: 11.190ns

Timing Detail:
--------------
All values displayed in nanoseconds (ns)

=========================================================================
Timing constraint: Default period analysis for Clock 'SCL'
  Clock period: 3.080ns (frequency: 324.675MHz)
  Total number of paths / destination ports: 27 / 9
-------------------------------------------------------------------------
Delay:               3.080ns (Levels of Logic = 2)
  Source:            ShiftRegOut_1 (FF)
  Destination:       ShiftRegOut_0 (FF)
  Source Clock:      SCL falling
  Destination Clock: SCL falling

  Data Path: ShiftRegOut_1 to ShiftRegOut_0
                                Gate     Net
    Cell:in->out      fanout   Delay   Delay  Logical Name (Net Name)
    ----------------------------------------  ------------
     FDS_1:C->Q            3   0.720   1.246  ShiftRegOut_1 (ShiftRegOut_1)
     LUT4:I0->O            1   0.551   0.000  ShiftRegOut_0_mux000111 (ShiftRegOut_0_mux00011)
     MUXF5:I0->O           1   0.360   0.000  ShiftRegOut_0_mux00011_f5 (ShiftRegOut_0_mux0001)
     FDE_1:D                   0.203          ShiftRegOut_0
    ----------------------------------------
    Total                      3.080ns (1.834ns logic, 1.246ns route)
                                       (59.5% logic, 40.5% route)

=========================================================================
Timing constraint: Default OFFSET IN BEFORE for Clock 'SCL'
  Total number of paths / destination ports: 84 / 17
-------------------------------------------------------------------------
Offset:              6.148ns (Levels of Logic = 3)
  Source:            ShiftOut (PAD)
  Destination:       ShiftRegOut_0 (FF)
  Destination Clock: SCL falling

  Data Path: ShiftOut to ShiftRegOut_0
                                Gate     Net
    Cell:in->out      fanout   Delay   Delay  Logical Name (Net Name)
    ----------------------------------------  ------------
     IBUF:I->O             3   0.821   1.246  ShiftOut_IBUF (ShiftOut_IBUF)
     LUT2:I0->O           16   0.551   1.576  hold_and00001 (hold_and0000)
     LUT4:I0->O            1   0.551   0.801  ShiftRegOut_0_not00011 (ShiftRegOut_0_not0001)
     FDE_1:CE                  0.602          ShiftRegOut_0
    ----------------------------------------
    Total                      6.148ns (2.525ns logic, 3.623ns route)
                                       (41.1% logic, 58.9% route)

=========================================================================
Timing constraint: Default OFFSET OUT AFTER for Clock 'SCL'
  Total number of paths / destination ports: 9 / 9
-------------------------------------------------------------------------
Offset:              8.543ns (Levels of Logic = 2)
  Source:            hold (FF)
  Destination:       SDA (PAD)
  Source Clock:      SCL falling

  Data Path: hold to SDA
                                Gate     Net
    Cell:in->out      fanout   Delay   Delay  Logical Name (Net Name)
    ----------------------------------------  ------------
     FDE_1:C->Q            1   0.720   0.827  hold (hold)
     LUT4:I3->O            1   0.551   0.801  SDA_MLTSRCEDGELogicTrst1 (SDA_MLTSRCEDGE)
     IOBUF:I->IO               5.644          SDA_IOBUF (SDA)
    ----------------------------------------
    Total                      8.543ns (6.915ns logic, 1.628ns route)
                                       (80.9% logic, 19.1% route)

=========================================================================
Timing constraint: Default path analysis
  Total number of paths / destination ports: 9 / 1
-------------------------------------------------------------------------
Delay:               11.190ns (Levels of Logic = 4)
  Source:            ShiftOut (PAD)
  Destination:       SDA (PAD)

  Data Path: ShiftOut to SDA
                                Gate     Net
    Cell:in->out      fanout   Delay   Delay  Logical Name (Net Name)
    ----------------------------------------  ------------
     IBUF:I->O             3   0.821   1.246  ShiftOut_IBUF (ShiftOut_IBUF)
     LUT2:I0->O           16   0.551   1.576  hold_and00001 (hold_and0000)
     LUT4:I0->O            1   0.551   0.801  SDA_MLTSRCEDGELogicTrst1 (SDA_MLTSRCEDGE)
     IOBUF:I->IO               5.644          SDA_IOBUF (SDA)
    ----------------------------------------
    Total                     11.190ns (7.567ns logic, 3.623ns route)
                                       (67.6% logic, 32.4% route)

=========================================================================


Total REAL time to Xst completion: 6.00 secs
Total CPU time to Xst completion: 6.34 secs
 
--> 

Total memory usage is 310012 kilobytes

Number of errors   :    0 (   0 filtered)
Number of warnings :    1 (   0 filtered)
Number of infos    :    0 (   0 filtered)

