Command line:
   FlashI2C_read_tb_isim_beh.exe
     -simmode  gui
     -simrunnum  0
     -socket  58796

Wed Apr 27 11:46:39 2016


 Elaboration Time: 0.046875 sec

 Current Memory Usage: 844.394 Meg

 Total Signals          : 127
 Total Nets             : 95
 Total Signal Drivers   : 47
 Total Blocks           : 8
 Total Primitive Blocks : 6
 Total Processes        : 57
 Total Traceable Variables  : 63
 Total Scalar Nets and Variables : 360
Total Line Count : 429

 Total Simulation Time: 0.09375 sec

 Current Memory Usage: 687.108 Meg

Wed Apr 27 11:56:20 2016

